GLPSOL--GLPK LP/MIP Solver 5.0
Parameter(s) specified in the command line:
 --log resultsingle-year-20240723T1844scenario_base.log --write C:\Users\julia\AppData\Local\Temp\tmps5f1oqf4.glpk.raw
 --wglp C:\Users\julia\AppData\Local\Temp\tmp32u_22v2.glpk.glp --cpxlp C:\Users\julia\AppData\Local\Temp\tmpym_5xsu1.pyomo.lp
Reading problem data from 'C:\Users\julia\AppData\Local\Temp\tmpym_5xsu1.pyomo.lp'...
8102 rows, 6755 columns, 18314 non-zeros
49389 lines were read
Writing problem data to 'C:\Users\julia\AppData\Local\Temp\tmp32u_22v2.glpk.glp'...
35167 lines were written
GLPK Simplex Optimizer 5.0
8102 rows, 6755 columns, 18314 non-zeros
Preprocessing...
4832 rows, 3713 columns, 10452 non-zeros
Scaling...
 A: min|aij| =  1.000e-03  max|aij| =  1.000e+00  ratio =  1.000e+03
GM: min|aij| =  3.134e-01  max|aij| =  3.191e+00  ratio =  1.018e+01
EQ: min|aij| =  9.822e-02  max|aij| =  1.000e+00  ratio =  1.018e+01
Constructing initial basis...
Size of triangular part is 4832
      0: obj =   3.435524812e+16 inf =   1.318e+03 (270)
    232: obj =   3.444274053e+16 inf =   0.000e+00 (0) 2
*   580: obj =   5.257917086e+07 inf =   1.126e-13 (0) 3
OPTIMAL LP SOLUTION FOUND
Time used:   0.1 secs
Memory used: 7.4 Mb (7787009 bytes)
Writing basic solution to 'C:\Users\julia\AppData\Local\Temp\tmps5f1oqf4.glpk.raw'...
14866 lines were written
