GLPSOL--GLPK LP/MIP Solver 5.0
Parameter(s) specified in the command line:
 --log resultsingle-year-20240820T1538scenario_base.log --write C:\Users\julia\AppData\Local\Temp\tmp9dbpmr0p.glpk.raw
 --wglp C:\Users\julia\AppData\Local\Temp\tmpvdna1u_7.glpk.glp --cpxlp C:\Users\julia\AppData\Local\Temp\tmpsg3bnaiu.pyomo.lp
Reading problem data from 'C:\Users\julia\AppData\Local\Temp\tmpsg3bnaiu.pyomo.lp'...
6751 rows, 5741 columns, 15257 non-zeros
41265 lines were read
Writing problem data to 'C:\Users\julia\AppData\Local\Temp\tmpvdna1u_7.glpk.glp'...
29402 lines were written
GLPK Simplex Optimizer 5.0
6751 rows, 5741 columns, 15257 non-zeros
Preprocessing...
3400 rows, 2638 columns, 7230 non-zeros
Scaling...
 A: min|aij| =  1.000e-03  max|aij| =  1.000e+00  ratio =  1.000e+03
GM: min|aij| =  3.134e-01  max|aij| =  3.191e+00  ratio =  1.018e+01
EQ: min|aij| =  9.822e-02  max|aij| =  1.000e+00  ratio =  1.018e+01
Constructing initial basis...
Size of triangular part is 3400
      0: obj =   3.826596446e+16 inf =   1.468e+03 (270)
    229: obj =   3.836649792e+16 inf =   0.000e+00 (0) 2
*   552: obj =   1.650043427e+15 inf =   1.738e-11 (0) 3
OPTIMAL LP SOLUTION FOUND
Time used:   0.1 secs
Memory used: 6.1 Mb (6350564 bytes)
Writing basic solution to 'C:\Users\julia\AppData\Local\Temp\tmp9dbpmr0p.glpk.raw'...
12501 lines were written
