GLPSOL--GLPK LP/MIP Solver 5.0
Parameter(s) specified in the command line:
 --log resultsingle-year-20240812T2303scenario_base.log --write C:\Users\julia\AppData\Local\Temp\tmpw50p1xli.glpk.raw
 --wglp C:\Users\julia\AppData\Local\Temp\tmpr2u_fsif.glpk.glp --cpxlp C:\Users\julia\AppData\Local\Temp\tmpn3twnhhv.pyomo.lp
Reading problem data from 'C:\Users\julia\AppData\Local\Temp\tmpn3twnhhv.pyomo.lp'...
6751 rows, 5741 columns, 15310 non-zeros
41318 lines were read
Writing problem data to 'C:\Users\julia\AppData\Local\Temp\tmpr2u_fsif.glpk.glp'...
29426 lines were written
GLPK Simplex Optimizer 5.0
6751 rows, 5741 columns, 15310 non-zeros
Preprocessing...
3612 rows, 2797 columns, 7707 non-zeros
Scaling...
 A: min|aij| =  1.000e-03  max|aij| =  1.000e+00  ratio =  1.000e+03
GM: min|aij| =  3.134e-01  max|aij| =  3.191e+00  ratio =  1.018e+01
EQ: min|aij| =  9.822e-02  max|aij| =  1.000e+00  ratio =  1.018e+01
Constructing initial basis...
Size of triangular part is 3612
      0: obj =   1.301686788e+16 inf =   4.993e+02 (241)
    226: obj =   1.306824875e+16 inf =   0.000e+00 (0) 2
*   567: obj =   2.048100550e+07 inf =   3.849e-12 (0) 3
OPTIMAL LP SOLUTION FOUND
Time used:   0.1 secs
Memory used: 6.1 Mb (6409332 bytes)
Writing basic solution to 'C:\Users\julia\AppData\Local\Temp\tmpw50p1xli.glpk.raw'...
12501 lines were written
